app/build/outputs/logs/manifest-merger-debug-report.txt
-- Merging decision tree log ---
manifest
ADDED from src\main\AndroidManifest.xml:2:1-59:12
INJECTED from src\main\AndroidManifest.xml:2:1-59:12
INJECTED from src\main\AndroidManifest.xml:2:1-59:12
INJECTED from src\main\AndroidManifest.xml:2:1-59:12
MERGED from [com.android.support:support-v4:23.1.1] AndroidManifest.xml:17:1-24:12
INJECTED from src\main\AndroidManifest.xml:2:1-59:12
INJECTED from src\main\AndroidManifest.xml:2:1-59:12
INJECTED from src\main\AndroidManifest.xml:2:1-59:12
	package
		ADDED from src\main\AndroidManifest.xml:3:5-33
		INJECTED from src\main\AndroidManifest.xml
		INJECTED from src\main\AndroidManifest.xml
	android:versionName
		ADDED from src\main\AndroidManifest.xml:5:5-30
		INJECTED from src\main\AndroidManifest.xml
		INJECTED from src\main\AndroidManifest.xml
	xmlns:android
		ADDED from src\main\AndroidManifest.xml:2:11-69
	android:versionCode
		ADDED from src\main\AndroidManifest.xml:4:5-28
		INJECTED from src\main\AndroidManifest.xml
		INJECTED from src\main\AndroidManifest.xml
uses-permission#android.permission.CAMERA
ADDED from src\main\AndroidManifest.xml:7:5-65
	android:name
		ADDED from src\main\AndroidManifest.xml:7:22-62
uses-permission#android.permission.WRITE_EXTERNAL_STORAGE
ADDED from src\main\AndroidManifest.xml:8:5-81
	android:name
		ADDED from src\main\AndroidManifest.xml:8:22-78
uses-permission#android.permission.ACCESS_WIFI_STATE
ADDED from src\main\AndroidManifest.xml:9:5-76
	android:name
		ADDED from src\main\AndroidManifest.xml:9:22-73
uses-permission#android.permission.CHANGE_WIFI_STATE
ADDED from src\main\AndroidManifest.xml:10:5-76
	android:name
		ADDED from src\main\AndroidManifest.xml:10:22-73
uses-permission#android.permission.INTERNET
ADDED from src\main\AndroidManifest.xml:11:5-67
	android:name
		ADDED from src\main\AndroidManifest.xml:11:22-64
uses-permission#android.permission.ACCESS_NETWORK_STATE
ADDED from src\main\AndroidManifest.xml:12:5-79
	android:name
		ADDED from src\main\AndroidManifest.xml:12:22-76
uses-permission#android.permission.WAKE_LOCK
ADDED from src\main\AndroidManifest.xml:13:5-68
	android:name
		ADDED from src\main\AndroidManifest.xml:13:22-65
uses-feature#android.hardware.camera
ADDED from src\main\AndroidManifest.xml:15:2-57
	android:name
		ADDED from src\main\AndroidManifest.xml:15:16-54
uses-sdk
ADDED from src\main\AndroidManifest.xml:17:5-19:41
INJECTED from src\main\AndroidManifest.xml:17:5-19:41
INJECTED from src\main\AndroidManifest.xml:17:5-19:41
MERGED from [com.android.support:support-v4:23.1.1] AndroidManifest.xml:20:5-43
MERGED from [com.android.support:support-v4:23.1.1] AndroidManifest.xml:20:5-43
INJECTED from src\main\AndroidManifest.xml:17:5-19:41
INJECTED from src\main\AndroidManifest.xml:17:5-19:41
	android:targetSdkVersion
		ADDED from src\main\AndroidManifest.xml:19:9-38
		INJECTED from src\main\AndroidManifest.xml
		INJECTED from src\main\AndroidManifest.xml
	android:minSdkVersion
		ADDED from src\main\AndroidManifest.xml:18:9-34
		INJECTED from src\main\AndroidManifest.xml
		INJECTED from src\main\AndroidManifest.xml
application
ADDED from src\main\AndroidManifest.xml:21:5-57:19
MERGED from [com.android.support:support-v4:23.1.1] AndroidManifest.xml:22:5-20
MERGED from [com.android.support:support-v4:23.1.1] AndroidManifest.xml:22:5-20
	android:label
		ADDED from src\main\AndroidManifest.xml:25:9-41
	android:vmSafeMode
		ADDED from src\main\AndroidManifest.xml:22:9-34
	android:icon
		ADDED from src\main\AndroidManifest.xml:24:9-45
	android:allowBackup
		ADDED from src\main\AndroidManifest.xml:23:9-35
activity#org.landroo.netcam.NetCamMainActivity
ADDED from src\main\AndroidManifest.xml:26:9-33:20
	android:label
		ADDED from src\main\AndroidManifest.xml:28:13-45
	android:name
		ADDED from src\main\AndroidManifest.xml:27:13-47
intent-filter#android.intent.action.MAIN+android.intent.category.LAUNCHER
ADDED from src\main\AndroidManifest.xml:29:13-32:29
action#android.intent.action.MAIN
ADDED from src\main\AndroidManifest.xml:30:17-69
	android:name
		ADDED from src\main\AndroidManifest.xml:30:25-66
category#android.intent.category.LAUNCHER
ADDED from src\main\AndroidManifest.xml:31:17-77
	android:name
		ADDED from src\main\AndroidManifest.xml:31:27-74
activity#org.landroo.netcam.CamReceiverActivity
ADDED from src\main\AndroidManifest.xml:34:9-39:20
	android:screenOrientation
		ADDED from src\main\AndroidManifest.xml:37:13-50
	android:label
		ADDED from src\main\AndroidManifest.xml:36:13-64
	android:theme
		ADDED from src\main\AndroidManifest.xml:38:13-77
	android:name
		ADDED from src\main\AndroidManifest.xml:35:13-48
activity#org.landroo.netcam.CamSenderActivity
ADDED from src\main\AndroidManifest.xml:40:9-45:20
	android:screenOrientation
		ADDED from src\main\AndroidManifest.xml:43:13-50
	android:label
		ADDED from src\main\AndroidManifest.xml:42:13-62
	android:theme
		ADDED from src\main\AndroidManifest.xml:44:13-77
	android:name
		ADDED from src\main\AndroidManifest.xml:41:13-46
activity#org.landroo.netcam.CamServerActivity
ADDED from src\main\AndroidManifest.xml:46:9-51:20
	android:screenOrientation
		ADDED from src\main\AndroidManifest.xml:49:13-50
	android:label
		ADDED from src\main\AndroidManifest.xml:48:13-62
	android:theme
		ADDED from src\main\AndroidManifest.xml:50:13-77
	android:name
		ADDED from src\main\AndroidManifest.xml:47:13-46
activity#org.landroo.netcam.Preferences
ADDED from src\main\AndroidManifest.xml:52:9-56:80
	android:launchMode
		ADDED from src\main\AndroidManifest.xml:55:13-43
	android:configChanges
		ADDED from src\main\AndroidManifest.xml:54:13-63
	android:theme
		ADDED from src\main\AndroidManifest.xml:56:13-77
	android:name
		ADDED from src\main\AndroidManifest.xml:53:13-40